  Building Custom Rule F:/Proxy/AsioNet/zlib-src/zlib-master/CMakeLists.txt
  adler32.c
  compress.c
  crc32.c
  deflate.c
  gzclose.c
  gzlib.c
  gzread.c
F:\Proxy\AsioNet\zlib-src\zlib-master\gzread.c(319,20): warning C4267: “=”: 从“size_t”转换到“unsigned int”，可能丢失数据
F:\Proxy\AsioNet\zlib-src\zlib-master\gzread.c(400,35): warning C4267: “=”: 从“size_t”转换到“unsigned int”，可能丢失数据
F:\Proxy\AsioNet\zlib-src\zlib-master\gzread.c(472,33): warning C4267: “=”: 从“size_t”转换到“int”，可能丢失数据
  gzwrite.c
F:\Proxy\AsioNet\zlib-src\zlib-master\gzwrite.c(212,27): warning C4267: “=”: 从“size_t”转换到“unsigned int”，可能丢失数据
F:\Proxy\AsioNet\zlib-src\zlib-master\gzwrite.c(232,24): warning C4267: “=”: 从“size_t”转换到“unsigned int”，可能丢失数据
F:\Proxy\AsioNet\zlib-src\zlib-master\gzwrite.c(371,36): warning C4267: “=”: 从“size_t”转换到“int”，可能丢失数据
  inflate.c
  infback.c
  inftrees.c
  inffast.c
  trees.c
  uncompr.c
  zutil.c
  正在生成代码...
  zlibstatic.vcxproj -> F:\Proxy\AsioNet\zlib-src\zlib-master\build\Debug\zlibstaticd.lib
